time="2022-02-05 12:48:21" level=info Agent=PostmanRuntime/7.29.0 DataSize=1880 HostName=LAPTOP-BB441EFS Ip="::1" Method=GET Path=/v1/user SpendTime="357 ms" status=200
time="2022-02-05 12:48:44" level=info Agent=PostmanRuntime/7.29.0 DataSize=1851 HostName=LAPTOP-BB441EFS Ip="::1" Method=GET Path=/v1/user SpendTime="4 ms" status=200
time="2022-02-05 12:48:49" level=info Agent=PostmanRuntime/7.29.0 DataSize=1851 HostName=LAPTOP-BB441EFS Ip="::1" Method=GET Path=/v1/user SpendTime="5 ms" status=200
time="2022-02-05 13:06:11" level=info Agent=PostmanRuntime/7.29.0 DataSize=1851 HostName=LAPTOP-BB441EFS Ip="::1" Method=GET Path=/v1/user SpendTime="7 ms" status=200
time="2022-02-05 13:11:09" level=info Agent=PostmanRuntime/7.29.0 DataSize=58 HostName=LAPTOP-BB441EFS Ip="::1" Method=GET Path=/v1/tag/1 SpendTime="18 ms" status=200
time="2022-02-05 13:12:24" level=info Agent=PostmanRuntime/7.29.0 DataSize=84 HostName=LAPTOP-BB441EFS Ip="::1" Method=GET Path=/v1/tag SpendTime="107 ms" status=200
time="2022-02-05 13:14:16" level=info Agent=PostmanRuntime/7.29.0 DataSize=84 HostName=LAPTOP-BB441EFS Ip="::1" Method=GET Path=/v1/tag SpendTime="73 ms" status=200
time="2022-02-05 13:33:37" level=info Agent=PostmanRuntime/7.29.0 DataSize=105 HostName=LAPTOP-BB441EFS Ip="::1" Method=GET Path=/v1/role SpendTime="127 ms" status=200
time="2022-02-05 13:33:42" level=info Agent=PostmanRuntime/7.29.0 DataSize=81 HostName=LAPTOP-BB441EFS Ip="::1" Method=GET Path=/v1/role SpendTime="3 ms" status=200
time="2022-02-05 13:46:02" level=info Agent=PostmanRuntime/7.29.0 DataSize=176 HostName=LAPTOP-BB441EFS Ip="::1" Method=GET Path=/v1/user/4 SpendTime="95 ms" status=200
time="2022-02-05 13:46:08" level=info Agent=PostmanRuntime/7.29.0 DataSize=176 HostName=LAPTOP-BB441EFS Ip="::1" Method=GET Path=/v1/user/4 SpendTime="16 ms" status=200
time="2022-02-05 13:47:46" level=info Agent=PostmanRuntime/7.29.0 DataSize=176 HostName=LAPTOP-BB441EFS Ip="::1" Method=GET Path=/v1/user/4 SpendTime="91 ms" status=200
time="2022-02-05 13:48:04" level=info Agent=PostmanRuntime/7.29.0 DataSize=35 HostName=LAPTOP-BB441EFS Ip="::1" Method=GET Path=/v1/user/4 SpendTime="11 ms" status=200
time="2022-02-05 13:48:07" level=info Agent=PostmanRuntime/7.29.0 DataSize=35 HostName=LAPTOP-BB441EFS Ip="::1" Method=GET Path=/v1/user/4 SpendTime="3 ms" status=200
time="2022-02-05 13:48:50" level=info Agent=PostmanRuntime/7.29.0 DataSize=35 HostName=LAPTOP-BB441EFS Ip="::1" Method=GET Path=/v1/user/4 SpendTime="80 ms" status=200
time="2022-02-05 13:48:51" level=info Agent=PostmanRuntime/7.29.0 DataSize=35 HostName=LAPTOP-BB441EFS Ip="::1" Method=GET Path=/v1/user/4 SpendTime="2 ms" status=200
time="2022-02-05 13:48:58" level=info Agent=PostmanRuntime/7.29.0 DataSize=35 HostName=LAPTOP-BB441EFS Ip="::1" Method=GET Path=/v1/user/4 SpendTime="3 ms" status=200
time="2022-02-05 13:49:10" level=info Agent=PostmanRuntime/7.29.0 DataSize=35 HostName=LAPTOP-BB441EFS Ip="::1" Method=GET Path=/v1/user/4 SpendTime="2 ms" status=200
time="2022-02-05 13:49:14" level=info Agent=PostmanRuntime/7.29.0 DataSize=35 HostName=LAPTOP-BB441EFS Ip="::1" Method=GET Path=/v1/user/4 SpendTime="3 ms" status=200
time="2022-02-05 13:49:21" level=info Agent=PostmanRuntime/7.29.0 DataSize=176 HostName=LAPTOP-BB441EFS Ip="::1" Method=GET Path=/v1/user/4 SpendTime="44 ms" status=200
time="2022-02-05 13:49:32" level=info Agent=PostmanRuntime/7.29.0 DataSize=35 HostName=LAPTOP-BB441EFS Ip="::1" Method=GET Path=/v1/user/4 SpendTime="2 ms" status=200
time="2022-02-05 13:49:41" level=info Agent=PostmanRuntime/7.29.0 DataSize=176 HostName=LAPTOP-BB441EFS Ip="::1" Method=GET Path=/v1/user/4 SpendTime="15 ms" status=200
time="2022-02-05 13:50:52" level=info Agent=PostmanRuntime/7.29.0 DataSize=1880 HostName=LAPTOP-BB441EFS Ip="::1" Method=GET Path=/v1/user SpendTime="14 ms" status=200
time="2022-02-05 13:51:40" level=info Agent=PostmanRuntime/7.29.0 DataSize=35 HostName=LAPTOP-BB441EFS Ip="::1" Method=GET Path=/v1/user/4 SpendTime="3 ms" status=200
time="2022-02-05 13:53:12" level=info Agent=PostmanRuntime/7.29.0 DataSize=176 HostName=LAPTOP-BB441EFS Ip="::1" Method=GET Path=/v1/user/4 SpendTime="92 ms" status=200
time="2022-02-05 13:53:19" level=info Agent=PostmanRuntime/7.29.0 DataSize=69 HostName=LAPTOP-BB441EFS Ip="::1" Method=GET Path=/v1/user/4 SpendTime="2 ms" status=200
time="2022-02-05 13:53:23" level=info Agent=PostmanRuntime/7.29.0 DataSize=69 HostName=LAPTOP-BB441EFS Ip="::1" Method=GET Path=/v1/user/4 SpendTime="4 ms" status=200
time="2022-02-05 13:53:37" level=info Agent=PostmanRuntime/7.29.0 DataSize=69 HostName=LAPTOP-BB441EFS Ip="::1" Method=GET Path=/v1/user/4 SpendTime="3 ms" status=200
time="2022-02-05 13:54:03" level=info Agent=PostmanRuntime/7.29.0 DataSize=35 HostName=LAPTOP-BB441EFS Ip="::1" Method=GET Path=/v1/user/4 SpendTime="90 ms" status=200
time="2022-02-05 13:54:04" level=info Agent=PostmanRuntime/7.29.0 DataSize=35 HostName=LAPTOP-BB441EFS Ip="::1" Method=GET Path=/v1/user/4 SpendTime="3 ms" status=200
time="2022-02-05 13:54:05" level=info Agent=PostmanRuntime/7.29.0 DataSize=35 HostName=LAPTOP-BB441EFS Ip="::1" Method=GET Path=/v1/user/4 SpendTime="2 ms" status=200
time="2022-02-05 13:54:05" level=info Agent=PostmanRuntime/7.29.0 DataSize=35 HostName=LAPTOP-BB441EFS Ip="::1" Method=GET Path=/v1/user/4 SpendTime="2 ms" status=200
time="2022-02-05 13:54:06" level=info Agent=PostmanRuntime/7.29.0 DataSize=35 HostName=LAPTOP-BB441EFS Ip="::1" Method=GET Path=/v1/user/4 SpendTime="3 ms" status=200
time="2022-02-05 13:54:06" level=info Agent=PostmanRuntime/7.29.0 DataSize=35 HostName=LAPTOP-BB441EFS Ip="::1" Method=GET Path=/v1/user/4 SpendTime="3 ms" status=200
time="2022-02-05 13:54:06" level=info Agent=PostmanRuntime/7.29.0 DataSize=35 HostName=LAPTOP-BB441EFS Ip="::1" Method=GET Path=/v1/user/4 SpendTime="4 ms" status=200
time="2022-02-05 13:54:17" level=info Agent=PostmanRuntime/7.29.0 DataSize=176 HostName=LAPTOP-BB441EFS Ip="::1" Method=GET Path=/v1/user/4 SpendTime="18 ms" status=200
time="2022-02-05 13:54:18" level=info Agent=PostmanRuntime/7.29.0 DataSize=35 HostName=LAPTOP-BB441EFS Ip="::1" Method=GET Path=/v1/user/4 SpendTime="3 ms" status=200
time="2022-02-05 13:54:19" level=info Agent=PostmanRuntime/7.29.0 DataSize=35 HostName=LAPTOP-BB441EFS Ip="::1" Method=GET Path=/v1/user/4 SpendTime="2 ms" status=200
time="2022-02-05 14:02:13" level=info Agent=PostmanRuntime/7.29.0 DataSize=1286 HostName=LAPTOP-BB441EFS Ip="::1" Method=GET Path=/v1/menu SpendTime="139 ms" status=200
time="2022-02-05 14:02:17" level=info Agent=PostmanRuntime/7.29.0 DataSize=1261 HostName=LAPTOP-BB441EFS Ip="::1" Method=GET Path=/v1/menu SpendTime="3 ms" status=200
time="2022-02-05 14:15:01" level=info Agent=PostmanRuntime/7.29.0 DataSize=1261 HostName=LAPTOP-BB441EFS Ip="::1" Method=GET Path=/v1/menu SpendTime="90 ms" status=200
time="2022-02-05 14:15:02" level=info Agent=PostmanRuntime/7.29.0 DataSize=1261 HostName=LAPTOP-BB441EFS Ip="::1" Method=GET Path=/v1/menu SpendTime="6 ms" status=200
time="2022-02-05 14:15:04" level=info Agent=PostmanRuntime/7.29.0 DataSize=1261 HostName=LAPTOP-BB441EFS Ip="::1" Method=GET Path=/v1/menu SpendTime="2 ms" status=200
time="2022-02-05 14:15:05" level=info Agent=PostmanRuntime/7.29.0 DataSize=1261 HostName=LAPTOP-BB441EFS Ip="::1" Method=GET Path=/v1/menu SpendTime="3 ms" status=200
time="2022-02-05 14:15:57" level=info Agent=PostmanRuntime/7.29.0 DataSize=37 HostName=LAPTOP-BB441EFS Ip="::1" Method=PUT Path=/v1/menu/17 SpendTime="63 ms" status=200
time="2022-02-05 14:24:52" level=info Agent=PostmanRuntime/7.29.0 DataSize=65 HostName=LAPTOP-BB441EFS Ip="::1" Method=GET Path=/v1/category/1 SpendTime="87 ms" status=200
time="2022-02-05 14:24:54" level=info Agent=PostmanRuntime/7.29.0 DataSize=65 HostName=LAPTOP-BB441EFS Ip="::1" Method=GET Path=/v1/category/1 SpendTime="15 ms" status=200
time="2022-02-05 14:25:41" level=info Agent=PostmanRuntime/7.29.0 DataSize=65 HostName=LAPTOP-BB441EFS Ip="::1" Method=GET Path=/v1/category/1 SpendTime="13 ms" status=200
time="2022-02-05 14:25:42" level=info Agent=PostmanRuntime/7.29.0 DataSize=65 HostName=LAPTOP-BB441EFS Ip="::1" Method=GET Path=/v1/category/1 SpendTime="1 ms" status=200
time="2022-02-05 14:27:30" level=info Agent=PostmanRuntime/7.29.0 DataSize=125 HostName=LAPTOP-BB441EFS Ip="::1" Method=GET Path=/v1/category SpendTime="30 ms" status=200
time="2022-02-05 14:27:34" level=info Agent=PostmanRuntime/7.29.0 DataSize=101 HostName=LAPTOP-BB441EFS Ip="::1" Method=GET Path=/v1/category SpendTime="5 ms" status=200
time="2022-02-05 14:36:00" level=info Agent=PostmanRuntime/7.29.0 DataSize=62 HostName=LAPTOP-BB441EFS Ip="::1" Method=GET Path=/v1/article SpendTime="32 ms" status=200
time="2022-02-05 14:36:06" level=info Agent=PostmanRuntime/7.29.0 DataSize=54 HostName=LAPTOP-BB441EFS Ip="::1" Method=GET Path=/v1/article/10 SpendTime="10 ms" status=200
time="2022-02-05 14:36:25" level=info Agent=PostmanRuntime/7.29.0 DataSize=377 HostName=LAPTOP-BB441EFS Ip="::1" Method=GET Path=/v1/article/1 SpendTime="30 ms" status=200
time="2022-02-05 14:40:25" level=info Agent=PostmanRuntime/7.29.0 DataSize=62 HostName=LAPTOP-BB441EFS Ip="::1" Method=GET Path=/v1/article SpendTime="103 ms" status=200
time="2022-02-05 14:44:45" level=info Agent=PostmanRuntime/7.29.0 DataSize=62 HostName=LAPTOP-BB441EFS Ip="::1" Method=GET Path=/v1/article SpendTime="110 ms" status=200
time="2022-02-05 14:46:04" level=info Agent=PostmanRuntime/7.29.0 DataSize=62 HostName=LAPTOP-BB441EFS Ip="::1" Method=GET Path=/v1/article SpendTime="96 ms" status=200
time="2022-02-05 14:50:12" level=info Agent=PostmanRuntime/7.29.0 DataSize=62 HostName=LAPTOP-BB441EFS Ip="::1" Method=GET Path=/v1/article SpendTime="113 ms" status=200
time="2022-02-05 14:59:57" level=info Agent=PostmanRuntime/7.29.0 DataSize=62 HostName=LAPTOP-BB441EFS Ip="::1" Method=GET Path=/v1/article SpendTime="169 ms" status=200
time="2022-02-05 15:01:10" level=info Agent=PostmanRuntime/7.29.0 DataSize=62 HostName=LAPTOP-BB441EFS Ip="::1" Method=GET Path=/v1/article SpendTime="127 ms" status=200
time="2022-02-05 15:02:27" level=info Agent=PostmanRuntime/7.29.0 DataSize=60 HostName=LAPTOP-BB441EFS Ip="::1" Method=GET Path=/v1/tag SpendTime="4 ms" status=200
time="2022-02-05 15:02:30" level=info Agent=PostmanRuntime/7.29.0 DataSize=58 HostName=LAPTOP-BB441EFS Ip="::1" Method=GET Path=/v1/tag/1 SpendTime="15 ms" status=200
time="2022-02-05 15:02:33" level=info Agent=PostmanRuntime/7.29.0 DataSize=60 HostName=LAPTOP-BB441EFS Ip="::1" Method=GET Path=/v1/tag/2 SpendTime="2 ms" status=200
time="2022-02-05 15:02:38" level=info Agent=PostmanRuntime/7.29.0 DataSize=60 HostName=LAPTOP-BB441EFS Ip="::1" Method=GET Path=/v1/tag/3 SpendTime="3 ms" status=200
time="2022-02-05 15:02:45" level=info Agent=PostmanRuntime/7.29.0 DataSize=58 HostName=LAPTOP-BB441EFS Ip="::1" Method=GET Path=/v1/tag/1 SpendTime="5 ms" status=200
time="2022-02-05 15:04:34" level=info Agent=PostmanRuntime/7.29.0 DataSize=176 HostName=LAPTOP-BB441EFS Ip="::1" Method=GET Path=/v1/user/4 SpendTime="15 ms" status=200
time="2022-02-05 15:13:54" level=info Agent=PostmanRuntime/7.29.0 DataSize=176 HostName=LAPTOP-BB441EFS Ip="::1" Method=GET Path=/v1/user/4 SpendTime="81 ms" status=200
time="2022-02-05 15:14:03" level=info Agent=PostmanRuntime/7.29.0 DataSize=62 HostName=LAPTOP-BB441EFS Ip="::1" Method=GET Path=/v1/article SpendTime="40 ms" status=200
time="2022-02-05 15:15:10" level=info Agent=PostmanRuntime/7.29.0 DataSize=62 HostName=LAPTOP-BB441EFS Ip="::1" Method=GET Path=/v1/article SpendTime="143 ms" status=200
time="2022-02-05 15:16:15" level=info Agent=PostmanRuntime/7.29.0 DataSize=182 HostName=LAPTOP-BB441EFS Ip="::1" Method=GET Path=/v1/user/1 SpendTime="11 ms" status=200
time="2022-02-05 15:21:22" level=info Agent=PostmanRuntime/7.29.0 DataSize=182 HostName=LAPTOP-BB441EFS Ip="::1" Method=GET Path=/v1/user/1 SpendTime="87 ms" status=200
time="2022-02-05 15:22:41" level=info Agent=PostmanRuntime/7.29.0 DataSize=182 HostName=LAPTOP-BB441EFS Ip="::1" Method=GET Path=/v1/user/1 SpendTime="92 ms" status=200
time="2022-02-05 15:26:09" level=info Agent=PostmanRuntime/7.29.0 DataSize=62 HostName=LAPTOP-BB441EFS Ip="::1" Method=GET Path=/v1/article SpendTime="31 ms" status=200
time="2022-02-05 15:39:45" level=info Agent=PostmanRuntime/7.29.0 DataSize=62 HostName=LAPTOP-BB441EFS Ip="::1" Method=GET Path=/v1/article SpendTime="107 ms" status=200
time="2022-02-05 15:56:09" level=info Agent=PostmanRuntime/7.29.0 DataSize=182 HostName=LAPTOP-BB441EFS Ip="::1" Method=GET Path=/v1/user/1 SpendTime="101 ms" status=200
time="2022-02-05 15:57:44" level=info Agent=PostmanRuntime/7.29.0 DataSize=1851 HostName=LAPTOP-BB441EFS Ip="::1" Method=GET Path=/v1/user SpendTime="9 ms" status=200
time="2022-02-05 15:57:52" level=info Agent=PostmanRuntime/7.29.0 DataSize=62 HostName=LAPTOP-BB441EFS Ip="::1" Method=GET Path=/v1/article SpendTime="31 ms" status=200
time="2022-02-05 16:24:23" level=info Agent=PostmanRuntime/7.29.0 DataSize=62 HostName=LAPTOP-BB441EFS Ip="::1" Method=GET Path=/v1/article SpendTime="50 ms" status=200
time="2022-02-05 16:28:14" level=info Agent=PostmanRuntime/7.29.0 DataSize=62 HostName=LAPTOP-BB441EFS Ip="::1" Method=GET Path=/v1/article SpendTime="58 ms" status=200
time="2022-02-05 16:31:10" level=info Agent=PostmanRuntime/7.29.0 DataSize=62 HostName=LAPTOP-BB441EFS Ip="::1" Method=GET Path=/v1/article SpendTime="64 ms" status=200
time="2022-02-05 16:31:54" level=info Agent=PostmanRuntime/7.29.0 DataSize=3583 HostName=LAPTOP-BB441EFS Ip="::1" Method=GET Path=/v1/article SpendTime="68 ms" status=200
time="2022-02-05 16:35:27" level=info Agent=PostmanRuntime/7.29.0 DataSize=3583 HostName=LAPTOP-BB441EFS Ip="::1" Method=GET Path=/v1/article SpendTime="87 ms" status=200
time="2022-02-05 16:36:29" level=info Agent=PostmanRuntime/7.29.0 DataSize=3583 HostName=LAPTOP-BB441EFS Ip="::1" Method=GET Path=/v1/article SpendTime="43 ms" status=200
time="2022-02-05 16:40:02" level=info Agent=PostmanRuntime/7.29.0 DataSize=3583 HostName=LAPTOP-BB441EFS Ip="::1" Method=GET Path=/v1/article SpendTime="42 ms" status=200
time="2022-02-05 16:40:03" level=info Agent=PostmanRuntime/7.29.0 DataSize=3558 HostName=LAPTOP-BB441EFS Ip="::1" Method=GET Path=/v1/article SpendTime="4 ms" status=200
time="2022-02-05 16:40:04" level=info Agent=PostmanRuntime/7.29.0 DataSize=3558 HostName=LAPTOP-BB441EFS Ip="::1" Method=GET Path=/v1/article SpendTime="9 ms" status=200
time="2022-02-05 16:40:05" level=info Agent=PostmanRuntime/7.29.0 DataSize=3558 HostName=LAPTOP-BB441EFS Ip="::1" Method=GET Path=/v1/article SpendTime="1 ms" status=200
