time="2021-10-28 20:16:28" level=info Agent=PostmanRuntime/7.26.10 DataSize=1736 HostName=LAPTOP-BB441EFS Ip="::1" Method=GET Path=/v1/user SpendTime="80 ms" status=200
time="2021-10-28 20:16:38" level=info Agent=PostmanRuntime/7.26.10 DataSize=176 HostName=LAPTOP-BB441EFS Ip="::1" Method=GET Path=/v1/user/4 SpendTime="8 ms" status=200
time="2021-10-28 20:17:39" level=info Agent=PostmanRuntime/7.26.10 DataSize=65 HostName=LAPTOP-BB441EFS Ip="::1" Method=GET Path=/v1/category/1 SpendTime="28 ms" status=200
time="2021-10-28 20:19:55" level=info Agent=PostmanRuntime/7.26.10 DataSize=65 HostName=LAPTOP-BB441EFS Ip="::1" Method=GET Path=/v1/category/1 SpendTime="65 ms" status=200
time="2021-10-28 20:20:08" level=info Agent=PostmanRuntime/7.26.10 DataSize=176 HostName=LAPTOP-BB441EFS Ip="::1" Method=GET Path=/v1/user/4 SpendTime="9 ms" status=200
time="2021-10-28 20:20:30" level=info Agent=PostmanRuntime/7.26.10 DataSize=176 HostName=LAPTOP-BB441EFS Ip="::1" Method=GET Path=/v1/user/4 SpendTime="130 ms" status=200
time="2021-10-28 20:20:55" level=info Agent=PostmanRuntime/7.26.10 DataSize=176 HostName=LAPTOP-BB441EFS Ip="::1" Method=GET Path=/v1/user/4 SpendTime="76 ms" status=200
time="2021-10-28 20:21:00" level=info Agent=PostmanRuntime/7.26.10 DataSize=388 HostName=LAPTOP-BB441EFS Ip="::1" Method=GET Path=/v1/article/10 SpendTime="7 ms" status=200
time="2021-10-28 20:21:05" level=info Agent=PostmanRuntime/7.26.10 DataSize=3553 HostName=LAPTOP-BB441EFS Ip="::1" Method=GET Path=/v1/article SpendTime="46 ms" status=200
time="2021-10-28 20:21:10" level=info Agent=PostmanRuntime/7.26.10 DataSize=1736 HostName=LAPTOP-BB441EFS Ip="::1" Method=GET Path=/v1/user SpendTime="2 ms" status=200
time="2021-10-28 20:21:47" level=info Agent=PostmanRuntime/7.26.10 DataSize=1736 HostName=LAPTOP-BB441EFS Ip="::1" Method=GET Path=/v1/user SpendTime="76 ms" status=200
time="2021-10-28 20:22:01" level=info Agent=PostmanRuntime/7.26.10 DataSize=3553 HostName=LAPTOP-BB441EFS Ip="::1" Method=GET Path=/v1/article SpendTime="46 ms" status=200
time="2021-10-28 20:22:17" level=info Agent=PostmanRuntime/7.26.10 DataSize=65 HostName=LAPTOP-BB441EFS Ip="::1" Method=GET Path=/v1/category/1 SpendTime="6 ms" status=200
time="2021-10-28 20:22:27" level=info Agent=PostmanRuntime/7.26.10 DataSize=176 HostName=LAPTOP-BB441EFS Ip="::1" Method=GET Path=/v1/user/4 SpendTime="3 ms" status=200
time="2021-10-28 20:22:33" level=info Agent=PostmanRuntime/7.26.10 DataSize=176 HostName=LAPTOP-BB441EFS Ip="::1" Method=GET Path=/v1/user/4 SpendTime="5 ms" status=200
time="2021-10-28 20:22:33" level=info Agent=PostmanRuntime/7.26.10 DataSize=176 HostName=LAPTOP-BB441EFS Ip="::1" Method=GET Path=/v1/user/4 SpendTime="2 ms" status=200
time="2021-10-28 20:22:34" level=info Agent=PostmanRuntime/7.26.10 DataSize=176 HostName=LAPTOP-BB441EFS Ip="::1" Method=GET Path=/v1/user/4 SpendTime="1 ms" status=200
time="2021-10-28 20:22:34" level=info Agent=PostmanRuntime/7.26.10 DataSize=176 HostName=LAPTOP-BB441EFS Ip="::1" Method=GET Path=/v1/user/4 SpendTime="1 ms" status=200
time="2021-10-28 20:22:40" level=info Agent=PostmanRuntime/7.26.10 DataSize=176 HostName=LAPTOP-BB441EFS Ip="::1" Method=GET Path=/v1/user/4 SpendTime="8 ms" status=200
time="2021-10-28 20:22:40" level=info Agent=PostmanRuntime/7.26.10 DataSize=176 HostName=LAPTOP-BB441EFS Ip="::1" Method=GET Path=/v1/user/4 SpendTime="2 ms" status=200
time="2021-10-28 20:22:40" level=info Agent=PostmanRuntime/7.26.10 DataSize=176 HostName=LAPTOP-BB441EFS Ip="::1" Method=GET Path=/v1/user/4 SpendTime="4 ms" status=200
time="2021-10-28 20:26:31" level=info Agent=PostmanRuntime/7.26.10 DataSize=176 HostName=LAPTOP-BB441EFS Ip="::1" Method=GET Path=/v1/auth/userinfo SpendTime="66 ms" status=200
time="2021-10-28 20:26:38" level=info Agent=PostmanRuntime/7.26.10 DataSize=60 HostName=LAPTOP-BB441EFS Ip="::1" Method=GET Path=/v1/auth/userinfo SpendTime="9 ms" status=200
time="2021-10-28 20:27:19" level=info Agent=PostmanRuntime/7.26.10 DataSize=208 HostName=LAPTOP-BB441EFS Ip="::1" Method=POST Path=/v1/login SpendTime="157 ms" status=200
time="2021-10-28 20:27:43" level=info Agent=PostmanRuntime/7.26.10 DataSize=60 HostName=LAPTOP-BB441EFS Ip="::1" Method=GET Path=/v1/auth/userinfo SpendTime="6 ms" status=200
time="2021-10-28 20:27:47" level=info Agent=PostmanRuntime/7.26.10 DataSize=176 HostName=LAPTOP-BB441EFS Ip="::1" Method=GET Path=/v1/auth/userinfo SpendTime="4 ms" status=200
time="2021-10-28 20:28:48" level=info Agent=PostmanRuntime/7.26.10 DataSize=50 HostName=LAPTOP-BB441EFS Ip="::1" Method=GET Path=/v1/user/4 SpendTime="0 ms" status=200
time="2021-10-28 20:28:56" level=info Agent=PostmanRuntime/7.26.10 DataSize=50 HostName=LAPTOP-BB441EFS Ip="::1" Method=GET Path=/v1/user/4 SpendTime="0 ms" status=200
time="2021-10-28 20:29:04" level=info Agent=PostmanRuntime/7.26.10 DataSize=176 HostName=LAPTOP-BB441EFS Ip="::1" Method=GET Path=/v1/user/4 SpendTime="7 ms" status=200
time="2021-10-28 20:29:32" level=info Agent=PostmanRuntime/7.26.10 DataSize=50 HostName=LAPTOP-BB441EFS Ip="::1" Method=GET Path=/v1/user SpendTime="0 ms" status=200
time="2021-10-28 20:29:39" level=info Agent=PostmanRuntime/7.26.10 DataSize=1736 HostName=LAPTOP-BB441EFS Ip="::1" Method=GET Path=/v1/user SpendTime="5 ms" status=200
time="2021-10-28 20:41:18" level=info Agent=PostmanRuntime/7.26.10 DataSize=176 HostName=LAPTOP-BB441EFS Ip="::1" Method=GET Path=/v1/auth/userinfo SpendTime="62 ms" status=200
time="2021-10-28 20:41:24" level=info Agent=PostmanRuntime/7.26.10 DataSize=176 HostName=LAPTOP-BB441EFS Ip="::1" Method=GET Path=/v1/auth/userinfo SpendTime="2 ms" status=200
time="2021-10-28 20:42:34" level=info Agent=PostmanRuntime/7.26.10 DataSize=176 HostName=LAPTOP-BB441EFS Ip="::1" Method=GET Path=/v1/auth/userinfo SpendTime="88 ms" status=200
